2025-03-07 15:57:57 [31merror[39m: Erro ao processar a solicitação: Nenhuma loja encontrada no raio de 100 km
2025-03-07 16:15:28 [31merror[39m: Não foi possível obter as coordenadas do endereço.
2025-03-07 16:15:28 [31merror[39m: Erro ao obter direções: Error: Erro ao processar geocodificação do endereço.
2025-03-07 16:15:29 [31merror[39m: Não foi possível obter as coordenadas do endereço.
2025-03-07 16:15:29 [31merror[39m: Erro ao obter direções: Error: Erro ao processar geocodificação do endereço.
2025-03-07 16:15:30 [31merror[39m: Não foi possível obter as coordenadas do endereço.
2025-03-07 16:15:30 [31merror[39m: Erro ao obter direções: Error: Erro ao processar geocodificação do endereço.
2025-03-07 16:15:31 [31merror[39m: Não foi possível obter as coordenadas do endereço.
2025-03-07 16:15:31 [31merror[39m: Erro ao obter direções: Error: Erro ao processar geocodificação do endereço.
2025-03-07 16:15:32 [31merror[39m: Não foi possível obter as coordenadas do endereço.
2025-03-07 16:15:32 [31merror[39m: Erro ao obter direções: Error: Erro ao processar geocodificação do endereço.
2025-03-07 16:15:33 [31merror[39m: Não foi possível obter as coordenadas do endereço.
2025-03-07 16:15:33 [31merror[39m: Erro ao obter direções: Error: Erro ao processar geocodificação do endereço.
2025-03-07 16:15:34 [31merror[39m: Não foi possível obter as coordenadas do endereço.
2025-03-07 16:15:34 [31merror[39m: Erro ao obter direções: Error: Erro ao processar geocodificação do endereço.
2025-03-07 16:15:35 [31merror[39m: Não foi possível obter as coordenadas do endereço.
2025-03-07 16:15:35 [31merror[39m: Erro ao obter direções: Error: Erro ao processar geocodificação do endereço.
2025-03-07 16:15:36 [31merror[39m: Não foi possível obter as coordenadas do endereço.
2025-03-07 16:15:36 [31merror[39m: Erro ao obter direções: Error: Erro ao processar geocodificação do endereço.
2025-03-07 16:15:37 [31merror[39m: Não foi possível obter as coordenadas do endereço.
2025-03-07 16:15:37 [31merror[39m: Erro ao obter direções: Error: Erro ao processar geocodificação do endereço.
2025-03-07 16:15:38 [31merror[39m: Não foi possível obter as coordenadas do endereço.
2025-03-07 16:15:38 [31merror[39m: Erro ao obter direções: Error: Erro ao processar geocodificação do endereço.
2025-03-07 16:15:39 [31merror[39m: Não foi possível obter as coordenadas do endereço.
2025-03-07 16:15:39 [31merror[39m: Erro ao obter direções: Error: Erro ao processar geocodificação do endereço.
2025-03-07 16:21:11 [31merror[39m: Erro ao processar geocodificação do endereço
2025-03-07 16:21:11 [31merror[39m: Erro ao obter direções: Error: Erro ao processar geocodificação do endereço.
2025-03-07 16:21:12 [31merror[39m: Erro ao processar geocodificação do endereço
2025-03-07 16:21:12 [31merror[39m: Erro ao obter direções: Error: Erro ao processar geocodificação do endereço.
2025-03-07 16:21:13 [31merror[39m: Erro ao processar geocodificação do endereço
2025-03-07 16:21:13 [31merror[39m: Erro ao obter direções: Error: Erro ao processar geocodificação do endereço.
2025-03-07 16:21:14 [31merror[39m: Erro ao processar geocodificação do endereço
2025-03-07 16:21:14 [31merror[39m: Erro ao obter direções: Error: Erro ao processar geocodificação do endereço.
2025-03-07 16:21:15 [31merror[39m: Erro ao processar geocodificação do endereço
2025-03-07 16:21:15 [31merror[39m: Erro ao obter direções: Error: Erro ao processar geocodificação do endereço.
2025-03-07 16:21:16 [31merror[39m: Erro ao processar geocodificação do endereço
2025-03-07 16:21:16 [31merror[39m: Erro ao obter direções: Error: Erro ao processar geocodificação do endereço.
2025-03-07 16:21:17 [31merror[39m: Erro ao processar geocodificação do endereço
2025-03-07 16:21:17 [31merror[39m: Erro ao obter direções: Error: Erro ao processar geocodificação do endereço.
2025-03-07 16:21:18 [31merror[39m: Erro ao processar geocodificação do endereço
2025-03-07 16:21:18 [31merror[39m: Erro ao obter direções: Error: Erro ao processar geocodificação do endereço.
2025-03-07 16:21:19 [31merror[39m: Erro ao processar geocodificação do endereço
2025-03-07 16:21:19 [31merror[39m: Erro ao obter direções: Error: Erro ao processar geocodificação do endereço.
2025-03-07 16:21:20 [31merror[39m: Erro ao processar geocodificação do endereço
2025-03-07 16:21:20 [31merror[39m: Erro ao obter direções: Error: Erro ao processar geocodificação do endereço.
2025-03-07 16:21:21 [31merror[39m: Erro ao processar geocodificação do endereço
2025-03-07 16:21:21 [31merror[39m: Erro ao obter direções: Error: Erro ao processar geocodificação do endereço.
2025-03-07 16:21:22 [31merror[39m: Erro ao processar geocodificação do endereço
2025-03-07 16:21:22 [31merror[39m: Erro ao obter direções: Error: Erro ao processar geocodificação do endereço.
2025-03-07 16:28:51 [31merror[39m: Erro ao obter direções.
2025-03-07 16:28:52 [31merror[39m: Erro ao obter direções.
2025-03-07 16:28:53 [31merror[39m: Erro ao obter direções.
2025-03-07 16:28:54 [31merror[39m: Erro ao obter direções.
2025-03-07 16:28:55 [31merror[39m: Erro ao obter direções.
2025-03-07 16:28:56 [31merror[39m: Erro ao obter direções.
2025-03-07 16:28:57 [31merror[39m: Erro ao obter direções.
2025-03-07 16:28:58 [31merror[39m: Erro ao obter direções.
2025-03-07 16:28:59 [31merror[39m: Erro ao obter direções.
2025-03-07 16:29:00 [31merror[39m: Erro ao obter direções.
2025-03-07 16:29:37 [31merror[39m: Erro ao processar geocodificação do endereço
2025-03-07 16:29:37 [31merror[39m: Erro ao obter direções.
2025-03-07 16:29:38 [31merror[39m: Erro ao processar geocodificação do endereço
2025-03-07 16:29:38 [31merror[39m: Erro ao obter direções.
2025-03-07 16:29:39 [31merror[39m: Erro ao processar geocodificação do endereço
2025-03-07 16:29:39 [31merror[39m: Erro ao obter direções.
2025-03-07 16:29:40 [31merror[39m: Erro ao processar geocodificação do endereço
2025-03-07 16:29:40 [31merror[39m: Erro ao obter direções.
2025-03-07 16:29:41 [31merror[39m: Erro ao processar geocodificação do endereço
2025-03-07 16:29:41 [31merror[39m: Erro ao obter direções.
2025-03-07 16:29:42 [31merror[39m: Erro ao processar geocodificação do endereço
2025-03-07 16:29:42 [31merror[39m: Erro ao obter direções.
2025-03-07 16:29:43 [31merror[39m: Erro ao processar geocodificação do endereço
2025-03-07 16:29:43 [31merror[39m: Erro ao obter direções.
2025-03-07 16:29:44 [31merror[39m: Erro ao processar geocodificação do endereço
2025-03-07 16:29:44 [31merror[39m: Erro ao obter direções.
2025-03-07 16:31:27 [31merror[39m: Erro ao processar geocodificação do endereço.
2025-03-07 16:35:37 [31merror[39m: Não foi possível obter as coordenadas do endereço.
